2024-11-16 14:13:20 INFO     --------
2024-11-16 14:15:12 INFO     --------
2024-11-16 14:15:12 INFO     in slice
2024-11-16 14:15:12 INFO     slice1: [2 3 4 5]
2024-11-16 14:15:12 INFO     slice2: [4 5 6 7 8 9]
2024-11-16 14:15:12 INFO     slice3: [7 8]
2024-11-16 14:15:12 INFO     slice4: [2 3 4 5]
2024-11-16 14:15:12 INFO     slice5: [2 4]
2024-11-16 14:15:12 INFO     steps1: [1 4 7]
2024-11-16 14:15:12 INFO     slice6: [[ 1  2  3  4  5]
 [ 6  7  8  9 10]]
2024-11-16 14:16:16 INFO     --------
2024-11-16 14:16:16 INFO     in slice
2024-11-16 14:16:16 INFO     slice1: [2 3 4 5]
2024-11-16 14:16:16 INFO     slice2: [4 5 6 7 8 9]
2024-11-16 14:16:16 INFO     slice3: [7 8]
2024-11-16 14:16:16 INFO     slice4: [2 3 4 5]
2024-11-16 14:16:16 INFO     slice5: [2 4]
2024-11-16 14:16:16 INFO     steps1: [1 4 7]
2024-11-16 14:16:16 INFO     slice6: [[ 1  2  3  4  5]
 [ 6  7  8  9 10]]
2024-11-16 14:23:02 INFO     --------
2024-11-16 14:23:02 INFO     in slice
2024-11-16 14:23:02 INFO     slice1: [2 3 4 5]
2024-11-16 14:23:02 INFO     slice2: [4 5 6 7 8 9]
2024-11-16 14:23:02 INFO     slice3: [7 8]
2024-11-16 14:23:02 INFO     slice4: [2 3 4 5]
2024-11-16 14:23:02 INFO     slice5: [2 4]
2024-11-16 14:23:02 INFO     steps1: [1 4 7]
2024-11-16 14:23:23 INFO     --------
2024-11-16 14:23:23 INFO     in slice
2024-11-16 14:23:23 INFO     slice1: [2 3 4 5]
2024-11-16 14:23:23 INFO     slice2: [4 5 6 7 8 9]
2024-11-16 14:23:23 INFO     slice3: [7 8]
2024-11-16 14:23:23 INFO     slice4: [2 3 4 5]
2024-11-16 14:23:23 INFO     slice5: [2 4]
2024-11-16 14:23:23 INFO     steps1: [1 4 7]
2024-11-16 14:23:23 INFO     slice6: [[ 1  2  3  4  5]
 [ 6  7  8  9 10]]
2024-11-16 14:24:45 INFO     --------
2024-11-16 14:24:45 INFO     in slice
2024-11-16 14:24:45 INFO     slice1: [2 3 4 5]
2024-11-16 14:24:45 INFO     slice2: [4 5 6 7 8 9]
2024-11-16 14:24:45 INFO     slice3: [7 8]
2024-11-16 14:24:45 INFO     slice4: [2 3 4 5]
2024-11-16 14:24:45 INFO     slice5: [2 4]
2024-11-16 14:24:45 INFO     steps1: [1 4 7]
2024-11-16 14:24:45 INFO     slice6: [[ 1  2  3  4  5]
 [ 6  7  8  9 10]]
2024-11-16 14:25:13 INFO     --------
2024-11-16 14:25:13 INFO     in slice
2024-11-16 14:25:13 INFO     slice1: [2 3 4 5]
2024-11-16 14:25:13 INFO     slice2: [4 5 6 7 8 9]
2024-11-16 14:25:13 INFO     slice3: [7 8]
2024-11-16 14:25:13 INFO     slice4: [2 3 4 5]
2024-11-16 14:25:13 INFO     slice5: [2 4]
2024-11-16 14:25:13 INFO     steps1: [1 4 7]
2024-11-16 14:25:13 INFO     slice6: [[ 1  2  3  4  5]
 [ 6  7  8  9 10]]
2024-11-16 14:25:46 INFO     --------
2024-11-16 14:25:46 INFO     in slice
2024-11-16 14:25:46 INFO     slice1: [2 3 4 5]
2024-11-16 14:25:46 INFO     slice2: [4 5 6 7 8 9]
2024-11-16 14:25:46 INFO     slice3: [7 8]
2024-11-16 14:25:46 INFO     slice4: [2 3 4 5]
2024-11-16 14:25:46 INFO     slice5: [2 4]
2024-11-16 14:25:46 INFO     steps1: [1 4 7]
2024-11-16 14:25:46 INFO     slice6: [[ 1  2  3  4  5]
 [ 6  7  8  9 10]]
2024-11-16 14:25:46 INFO     val1: 8
2024-11-16 14:34:47 INFO     --------
2024-11-16 14:34:47 INFO     in slice
2024-11-16 14:34:47 INFO     slice1: [2 3 4 5]
2024-11-16 14:34:47 INFO     slice2: [4 5 6 7 8 9]
2024-11-16 14:34:47 INFO     slice3: [7 8]
2024-11-16 14:34:47 INFO     slice4: [2 3 4 5]
2024-11-16 14:34:47 INFO     slice5: [2 4]
2024-11-16 14:34:47 INFO     steps1: [1 4 7]
2024-11-16 14:34:47 INFO     slice6: [[ 1  2  3  4  5]
 [ 6  7  8  9 10]]
2024-11-16 14:34:47 INFO     val1: 8
2024-11-16 14:34:47 INFO     slice5: [[2 3]]
2024-11-16 14:37:35 INFO     --------
2024-11-16 14:37:35 INFO     in slice
2024-11-16 14:37:35 INFO     slice1: [2 3 4 5]
2024-11-16 14:37:35 INFO     slice2: [4 5 6 7 8 9]
2024-11-16 14:37:35 INFO     slice3: [7 8]
2024-11-16 14:37:35 INFO     slice4: [2 3 4 5]
2024-11-16 14:37:35 INFO     slice5: [2 4]
2024-11-16 14:37:35 INFO     steps1: [1 4 7]
2024-11-16 14:37:35 INFO     slice6: [[ 1  2  3  4  5]
 [ 6  7  8  9 10]]
2024-11-16 14:37:35 INFO     val1: 8
2024-11-16 14:37:35 INFO     slice5: [[2 3]]
2024-11-16 14:37:35 INFO     slice6: [[2 3]
 [7 8]]
2024-11-16 14:49:34 INFO     --------
2024-11-16 14:49:34 INFO     in slice
2024-11-16 14:49:34 INFO     slice1: [2 3 4 5]
2024-11-16 14:49:34 INFO     slice2: [4 5 6 7 8 9]
2024-11-16 14:49:34 INFO     slice3: [7 8]
2024-11-16 14:49:34 INFO     slice4: [2 3 4 5]
2024-11-16 14:49:34 INFO     slice5: [2 4]
2024-11-16 14:49:34 INFO     steps1: [1 4 7]
2024-11-16 14:49:34 INFO     slice6: [[ 1  2  3  4  5]
 [ 6  7  8  9 10]]
2024-11-16 14:49:34 INFO     val1: 8
2024-11-16 14:49:34 INFO     slice5: [[2 3]]
2024-11-16 14:49:34 INFO     slice6: [[2 3]
 [7 8]]
