2024-11-16 14:56:23 INFO     --------
2024-11-16 14:56:23 INFO     in slice
2024-11-16 14:56:23 INFO     slice1: [2 3 4 5]
2024-11-16 14:56:23 INFO     slice2: [4 5 6 7 8 9]
2024-11-16 14:56:23 INFO     slice3: [7 8]
2024-11-16 14:56:23 INFO     slice4: [2 3 4 5]
2024-11-16 14:56:23 INFO     slice5: [2 4]
2024-11-16 14:56:23 INFO     steps1: [1 4 7]
2024-11-16 14:56:23 INFO     slice6: [[ 1  2  3  4  5]
 [ 6  7  8  9 10]]
2024-11-16 14:56:23 INFO     val1: 8
2024-11-16 14:56:23 INFO     slice5: [[2 3]]
2024-11-16 14:56:23 INFO     slice6: [[2 3]
 [7 8]]
2024-11-16 15:04:31 INFO     --------
2024-11-16 15:04:31 INFO     in slice
2024-11-16 15:04:31 INFO     slice1: [2 3 4 5]
2024-11-16 15:04:31 INFO     slice2: [4 5 6 7 8 9]
2024-11-16 15:04:31 INFO     slice3: [7 8]
2024-11-16 15:04:31 INFO     slice4: [2 3 4 5]
2024-11-16 15:04:31 INFO     slice5: [2 4]
2024-11-16 15:04:31 INFO     steps1: [1 4 7]
2024-11-16 15:04:31 INFO     slice6: [[ 1  2  3  4  5]
 [ 6  7  8  9 10]]
2024-11-16 15:04:31 INFO     val1: 8
2024-11-16 15:04:31 INFO     slice5: [[2 3]]
2024-11-16 15:04:31 INFO     slice6: [[2 3]
 [7 8]]
2024-11-16 15:10:14 INFO     --------
2024-11-16 15:10:14 INFO     in fun
2024-11-16 15:10:14 INFO     in [1 2 3 4 5 6 7 8 9]
2024-11-16 15:16:58 INFO     --------
2024-11-16 15:16:58 INFO     in fun
2024-11-16 15:16:58 INFO     in [1 2 3 4 5 6 7 8 9]
2024-11-16 15:16:58 INFO     in [1.         1.41421356 1.73205081 2.         2.23606798 2.44948974
 2.64575131 2.82842712 3.        ]
2024-11-16 15:19:30 INFO     --------
2024-11-16 15:19:30 INFO     in fun
2024-11-16 15:19:30 INFO     in [1 2 3 4 5 6 7 8 9]
2024-11-16 15:19:30 INFO     in [1.         1.41421356 1.73205081 2.         2.23606798 2.44948974
 2.64575131 2.82842712 3.        ]
2024-11-16 15:24:14 INFO     --------
2024-11-16 15:24:14 INFO     in fun
2024-11-16 15:24:14 INFO     in [1 2 3 4 5 6 7 8 9]
2024-11-16 15:26:41 INFO     --------
2024-11-16 15:26:41 INFO     in fun
2024-11-16 15:26:41 INFO     [-3 -2 -1  0  1  2  3  4  5  6  7  8  9]
2024-11-16 15:26:41 INFO     func1: [3 2 1 0 1 2 3 4 5 6 7 8 9]
2024-11-16 15:29:10 INFO     --------
2024-11-16 15:29:10 INFO     in fun
2024-11-16 15:29:10 INFO     [-3 -2 -1  0  1  2  3  4  5  6  7  8  9]
2024-11-16 15:29:10 INFO     func1: [4.97870684e-02 1.35335283e-01 3.67879441e-01 1.00000000e+00
 2.71828183e+00 7.38905610e+00 2.00855369e+01 5.45981500e+01
 1.48413159e+02 4.03428793e+02 1.09663316e+03 2.98095799e+03
 8.10308393e+03]
2024-11-16 15:40:20 INFO     --------
2024-11-16 15:40:20 INFO     in fun
2024-11-16 15:40:20 INFO     [-3 -2 -1  0  1  2  3  4  5  6  7  8  9]
2024-11-16 15:40:20 INFO     func1: -3
2024-11-16 15:41:27 INFO     --------
2024-11-16 15:41:27 INFO     in fun
2024-11-16 15:41:27 INFO     [-3 -2 -1  0  1  2  3  4  5  6  7  8  9]
2024-11-16 15:41:27 INFO     func1: [-1 -1 -1  0  1  1  1  1  1  1  1  1  1]
2024-11-16 15:43:22 INFO     --------
2024-11-16 15:43:22 INFO     in fun
2024-11-16 15:43:22 INFO     [-3 -2 -1  0  1  2  3  4  5  6  7  8  9]
2024-11-16 15:43:22 INFO     func1: [-0.14112001 -0.90929743 -0.84147098  0.          0.84147098  0.90929743
  0.14112001 -0.7568025  -0.95892427 -0.2794155   0.6569866   0.98935825
  0.41211849]
