2024-11-16 18:17:21 INFO     --------
2024-11-16 18:17:21 INFO     in copyview
2024-11-16 18:21:40 INFO     --------
2024-11-16 18:21:40 INFO     in copyview
2024-11-16 18:21:57 INFO     --------
2024-11-16 18:21:57 INFO     in copyview
2024-11-16 18:21:57 INFO     np1: [0 1 2 3 4 5]
2024-11-16 18:21:57 INFO     np2: [0 1 2 3 4 5]
2024-11-16 18:23:54 INFO     --------
2024-11-16 18:23:54 INFO     in copyview
2024-11-16 18:23:54 INFO     original np1: [0 1 2 3 4 5]
2024-11-16 18:23:54 INFO     original np2: [0 1 2 3 4 5]
2024-11-16 18:25:26 INFO     --------
2024-11-16 18:25:26 INFO     in copyview
2024-11-16 18:25:26 INFO     original np1: [0 1 2 3 4 5]
2024-11-16 18:25:26 INFO     original np2: [0 1 2 3 4 5]
2024-11-16 18:25:26 INFO     updated np1: [41  1  2  3  4  5]
2024-11-16 18:25:26 INFO     updated np2: [41  1  2  3  4  5]
2024-11-16 18:30:15 INFO     --------
2024-11-16 18:30:16 INFO     in copyview
2024-11-16 18:30:16 INFO     original np1: [0 1 2 3 4 5]
2024-11-16 18:30:16 INFO     original np2: [0 1 2 3 4 5]
2024-11-16 18:30:16 INFO     updated np1: [42  1  2  3  4  5]
2024-11-16 18:30:16 INFO     updated np2: [0 1 2 3 4 5]
2024-11-16 18:32:33 INFO     --------
2024-11-16 18:32:33 INFO     in copyview
2024-11-16 18:32:33 INFO     original np1: [0 1 2 3 4 5]
2024-11-16 18:32:33 INFO     original np2: [0 1 2 3 4 5]
2024-11-16 18:32:33 INFO     updated np1: [ 0  1 42  3  4  5]
2024-11-16 18:32:33 INFO     updated np2: [0 1 2 3 4 5]
2024-11-16 18:33:03 INFO     --------
2024-11-16 18:33:03 INFO     in copyview
2024-11-16 18:33:03 INFO     original np1: [0 1 2 3 4 5]
2024-11-16 18:33:03 INFO     original np2: [0 1 2 3 4 5]
2024-11-16 18:33:03 INFO     updated np1: [0 1 2 3 4 5]
2024-11-16 18:33:03 INFO     updated np2: [42  1  2  3  4  5]
2024-11-16 18:39:14 INFO     --------
2024-11-16 18:39:14 INFO     in shape
2024-11-16 18:43:59 INFO     --------
2024-11-16 18:43:59 INFO     in shape
2024-11-16 18:44:18 INFO     --------
2024-11-16 18:44:18 INFO     in shape
2024-11-16 18:44:18 INFO     np1: [ 0  1  2  3  4  5  6  7  8  9 10 11 12]
2024-11-16 18:44:32 INFO     --------
2024-11-16 18:44:32 INFO     in shape
2024-11-16 18:44:32 INFO     np1: [ 0  1  2  3  4  5  6  7  8  9 10 11 12 13]
2024-11-16 18:54:36 INFO     --------
2024-11-16 18:54:36 INFO     in shape
2024-11-16 18:54:36 INFO     np1: [ 0  1  2  3  4  5  6  7  8  9 10 11 12 13]
2024-11-16 18:56:01 INFO     --------
2024-11-16 18:56:01 INFO     in shape
2024-11-16 18:56:01 INFO     np1: [ 0  1  2  3  4  5  6  7  8  9 10 11 12 13]
2024-11-16 18:56:01 INFO     np1.shape: (14,)
2024-11-16 18:56:45 INFO     --------
2024-11-16 18:56:45 INFO     in shape
2024-11-16 18:56:45 INFO     np1: [ 1  2  3  4  5  6  7  8  9 10 11 12 13]
2024-11-16 18:56:45 INFO     np1.shape: (13,)
2024-11-16 18:57:46 INFO     --------
2024-11-16 18:57:46 INFO     in shape
2024-11-16 18:57:46 INFO     np1: [ 1  2  3  4  5  6  7  8  9 10 11 12]
2024-11-16 18:57:46 INFO     np1.shape: (12,)
2024-11-16 19:02:43 INFO     --------
2024-11-16 19:02:43 INFO     in shape
2024-11-16 19:02:43 INFO     np1: [ 1  2  3  4  5  6  7  8  9 10 11 12]
2024-11-16 19:02:43 INFO     np1.shape: (12,)
2024-11-16 19:02:43 INFO     np2: [[ 1  2  3  4  5  6]
 [ 7  8  9 10 11 12]]
2024-11-16 19:02:43 INFO     np2.shape: (2, 6)
2024-11-16 19:05:25 INFO     --------
2024-11-16 19:05:25 INFO     in shape
2024-11-16 19:05:25 INFO     np1: [ 1  2  3  4  5  6  7  8  9 10 11 12]
2024-11-16 19:05:25 INFO     np1.shape: (12,)
2024-11-16 19:11:45 INFO     --------
2024-11-16 19:11:45 INFO     in shape
2024-11-16 19:11:45 INFO     np1: [ 1  2  3  4  5  6  7  8  9 10 11 12]
2024-11-16 19:11:45 INFO     np1.shape: (12,)
2024-11-16 19:11:45 INFO     TEST MSG: [ 0  1  2  3  4  5  6  7  8  9 10 11 12 13 14 15 16 17 18 19]
2024-11-16 19:11:45 INFO     np1.shape: (20,)
2024-11-16 19:11:45 INFO     np3: [[ 1  2  3  4]
 [ 5  6  7  8]
 [ 9 10 11 12]]
2024-11-16 19:11:45 INFO     np3.shape: (3, 4)
2024-11-16 19:13:39 INFO     --------
2024-11-16 19:13:39 INFO     in log_this
2024-11-16 19:13:39 INFO     TEST MSG: [ 0  1  2  3  4  5  6  7  8  9 10 11 12 13 14 15 16 17 18 19]
2024-11-16 19:13:39 INFO     np1.shape: (20,)
2024-11-16 19:13:39 INFO     np3: [[ 1  2  3  4]
 [ 5  6  7  8]
 [ 9 10 11 12]]
2024-11-16 19:13:39 INFO     np3.shape: (3, 4)
2024-11-16 19:15:14 INFO     --------
2024-11-16 19:15:14 INFO     CALLING log_this()
2024-11-16 19:15:14 INFO     in log_this
2024-11-16 19:15:14 INFO     TEST MSG: [ 0  1  2  3  4  5  6  7  8  9 10 11 12 13 14 15 16 17 18 19]
2024-11-16 19:15:14 INFO     np1.shape: (20,)
2024-11-16 19:15:14 INFO     np3: [[ 1  2  3  4]
 [ 5  6  7  8]
 [ 9 10 11 12]]
2024-11-16 19:15:14 INFO     np3.shape: (3, 4)
