2024-11-16 19:16:33 INFO     --------
2024-11-16 19:16:33 INFO     CALLING log_this()
2024-11-16 19:16:33 INFO     in log_this
2024-11-16 19:16:33 INFO     TEST MSG: [ 0  1  2  3  4  5  6  7  8  9 10 11 12 13 14 15 16 17 18 19]
2024-11-16 19:16:33 INFO     np1.shape: (20,)
2024-11-16 19:16:33 INFO     np3: [[ 1  2  3  4]
 [ 5  6  7  8]
 [ 9 10 11 12]]
2024-11-16 19:16:33 INFO     np3.shape: (3, 4)
2024-11-16 19:18:27 INFO     --------
2024-11-16 19:18:27 INFO     CALLING log_this()
2024-11-16 19:18:27 INFO     in log_this
2024-11-16 19:18:27 INFO     np1: [ 1  2  3  4  5  6  7  8  9 10 11 12]
2024-11-16 19:18:27 INFO     np1.shape: (12,)
2024-11-16 19:18:27 INFO     np3: [[ 1  2  3  4]
 [ 5  6  7  8]
 [ 9 10 11 12]]
2024-11-16 19:18:27 INFO     np3.shape: (3, 4)
2024-11-16 19:19:45 INFO     --------
2024-11-16 19:19:45 INFO     CALLING log_this()
2024-11-16 19:19:45 INFO     in log_this
2024-11-16 19:19:45 INFO     np1: [ 1  2  3  4  5  6  7  8  9 10 11 12]
2024-11-16 19:19:45 INFO     [ 1  2  3  4  5  6  7  8  9 10 11 12].shape: (12,)
2024-11-16 19:19:45 INFO     np3: [[ 1  2  3  4]
 [ 5  6  7  8]
 [ 9 10 11 12]]
2024-11-16 19:19:45 INFO     np3.shape: (3, 4)
2024-11-16 19:28:03 INFO     --------
2024-11-16 19:28:03 INFO     CALLING log_this()
2024-11-16 19:28:03 INFO     in log_this
2024-11-16 19:28:03 INFO     np1: [ 1  2  3  4  5  6  7  8  9 10 11 12]
2024-11-16 19:28:03 INFO     arr.shape: (12,)
2024-11-16 19:28:03 INFO     in log_this
2024-11-16 19:28:03 INFO     np3: [[ 1  2  3  4]
 [ 5  6  7  8]
 [ 9 10 11 12]]
2024-11-16 19:28:03 INFO     arr.shape: (3, 4)
2024-11-16 19:29:08 INFO     --------
2024-11-16 19:29:08 INFO     CALLING log_this()
2024-11-16 19:29:08 INFO     np1: [ 1  2  3  4  5  6  7  8  9 10 11 12]
2024-11-16 19:29:08 INFO     arr.shape: (12,)
2024-11-16 19:29:08 INFO     np3: [[ 1  2  3  4]
 [ 5  6  7  8]
 [ 9 10 11 12]]
2024-11-16 19:29:08 INFO     arr.shape: (3, 4)
2024-11-16 19:31:13 INFO     --------
2024-11-16 19:31:13 INFO     np1: [ 1  2  3  4  5  6  7  8  9 10 11 12]
2024-11-16 19:31:13 INFO     arr.shape: (12,)
2024-11-16 19:31:13 INFO     np3: [[ 1  2  3  4]
 [ 5  6  7  8]
 [ 9 10 11 12]]
2024-11-16 19:31:13 INFO     arr.shape: (3, 4)
2024-11-16 19:32:47 INFO     --------
2024-11-16 19:32:47 INFO     np1: [ 1  2  3  4  5  6  7  8  9 10 11 12]
2024-11-16 19:32:47 INFO     arr.shape: (12,)
2024-11-16 19:33:05 INFO     --------
2024-11-16 19:33:05 INFO     np1: [ 1  2  3  4  5  6  7  8  9 10 11 12]
2024-11-16 19:33:05 INFO     arr.shape: (12,)
2024-11-16 19:33:05 INFO     np3: [[ 1  2  3  4]
 [ 5  6  7  8]
 [ 9 10 11 12]]
2024-11-16 19:33:05 INFO     arr.shape: (3, 4)
2024-11-16 19:37:48 INFO     --------
2024-11-16 19:40:01 INFO     --------
2024-11-16 19:40:01 INFO     np1: [ 1  2  3  4  5  6  7  8  9 10 11 12]
2024-11-16 19:40:01 INFO     arr.shape: (12,)
2024-11-16 19:40:20 INFO     --------
2024-11-16 19:40:20 INFO     np1: [ 1  2  3  4  5  6  7  8  9 10 11 12]
2024-11-16 19:40:20 INFO     arr.shape: (12,)
2024-11-16 19:40:20 INFO     np4: [[[ 1  2]
  [ 3  4]
  [ 5  6]]

 [[ 7  8]
  [ 9 10]
  [11 12]]]
2024-11-16 19:40:20 INFO     arr.shape: (2, 3, 2)
2024-11-16 19:46:26 INFO     --------
2024-11-16 19:46:26 INFO     np1: [ 1  2  3  4  5  6  7  8  9 10 11 12]
2024-11-16 19:46:26 INFO     arr.shape: (12,)
2024-11-16 19:46:26 INFO     np4: [[[ 1  2]
  [ 3  4]
  [ 5  6]]

 [[ 7  8]
  [ 9 10]
  [11 12]]]
2024-11-16 19:46:26 INFO     arr.shape: (2, 3, 2)
2024-11-16 19:46:26 INFO     np5: [ 1  2  3  4  5  6  7  8  9 10 11 12]
2024-11-16 19:46:26 INFO     arr.shape: (12,)
2024-11-16 19:51:36 INFO     --------
2024-11-16 19:51:36 INFO     in iterate
