2024-11-16 19:52:04 INFO     --------
2024-11-16 19:52:04 INFO     in iterate
2024-11-16 19:52:16 INFO     --------
2024-11-16 19:52:16 INFO     in iterate
2024-11-16 19:52:43 INFO     --------
2024-11-16 19:52:43 INFO     in iterate
2024-11-16 19:52:47 INFO     --------
2024-11-16 19:52:47 INFO     in iterate
2024-11-16 21:04:50 INFO     --------
2024-11-16 21:04:50 INFO     in iterate
2024-11-16 21:05:43 INFO     --------
2024-11-16 21:05:43 INFO     in iterate
2024-11-16 22:47:23 INFO     --------
2024-11-16 22:47:23 INFO     in iterate
2024-11-16 22:47:23 INFO     npl: [ 1  2  3  4  5  6  7  8  9 10]
2024-11-16 22:47:23 INFO     arr.shape: (10,)
2024-11-16 22:49:11 INFO     --------
2024-11-16 22:49:11 INFO     in iterate
2024-11-16 22:49:11 INFO     npl: [ 1  2  3  4  5  6  7  8  9 10]
2024-11-16 22:49:11 INFO     arr.shape: (10,)
2024-11-16 22:53:42 INFO     --------
2024-11-16 22:53:42 INFO     in iterate
2024-11-16 22:53:55 INFO     --------
2024-11-16 22:53:55 INFO     in iterate
2024-11-16 22:54:13 INFO     --------
2024-11-16 22:54:13 INFO     in iterate
2024-11-16 22:58:50 INFO     --------
2024-11-16 22:58:50 INFO     in iterate
2024-11-16 23:02:42 INFO     --------
2024-11-16 23:02:42 INFO     in iterate
2024-11-17 09:51:55 INFO     --------
2024-11-17 09:51:55 INFO     in iterate
2024-11-17 10:01:46 INFO     --------
2024-11-17 10:01:46 INFO     in iterate
2024-11-17 10:01:46 INFO     np2: [[[ 0  1  2]
  [ 3  4  5]]

 [[ 6  7  8]
  [ 9 10 11]]]
2024-11-17 10:01:46 INFO     arr.shape: (2, 2, 3)
2024-11-17 10:06:50 INFO     --------
2024-11-17 10:06:50 INFO     in iterate
2024-11-17 10:06:50 INFO     np2: [[[ 0  1  2]
  [ 3  4  5]]

 [[ 6  7  8]
  [ 9 10 11]]]
2024-11-17 10:06:50 INFO     arr.shape: (2, 2, 3)
2024-11-17 10:13:31 INFO     --------
2024-11-17 10:13:31 INFO     in iterate
2024-11-17 10:13:31 INFO     np2: [[[ 0  1  2]
  [ 3  4  5]]

 [[ 6  7  8]
  [ 9 10 11]]]
2024-11-17 10:13:31 INFO     arr.shape: (2, 2, 3)
