2024-11-17 10:32:12 INFO     --------
2024-11-17 10:32:12 INFO     in iterate
2024-11-17 10:32:12 INFO     np2: [[[ 0  1  2]
  [ 3  4  5]]

 [[ 6  7  8]
  [ 9 10 11]]]
2024-11-17 10:32:12 INFO     arr.shape: (2, 2, 3)
2024-11-17 10:43:55 INFO     --------
2024-11-17 10:43:55 INFO     in sort
2024-11-17 10:54:42 INFO     --------
2024-11-17 10:54:42 INFO     in sort
2024-11-17 10:54:42 INFO     np1: [5 2 7 4 8 3 5 6 8 7 2]
2024-11-17 10:54:42 INFO     arr.shape: (11,)
2024-11-17 10:54:56 INFO     --------
2024-11-17 10:54:56 INFO     in sort
2024-11-17 10:54:56 INFO     np1: [5 2 7 4 8 3 5 6 8 7 2]
2024-11-17 10:54:56 INFO     arr.shape: (11,)
2024-11-17 10:54:56 INFO     sorted_1: [2 2 3 4 5 5 6 7 7 8 8]
2024-11-17 10:54:56 INFO     arr.shape: (11,)
2024-11-17 10:55:36 INFO     --------
2024-11-17 10:55:36 INFO     in sort
2024-11-17 10:55:36 INFO     np1: [5 2 7 4 8 3 5 6 8 7 2]
2024-11-17 10:55:36 INFO     arr.shape: (11,)
2024-11-17 10:55:48 INFO     --------
2024-11-17 10:55:48 INFO     in sort
2024-11-17 10:55:48 INFO     np1: [5 2 7 4 8 3 5 6 8 7 2]
2024-11-17 10:55:48 INFO     arr.shape: (11,)
2024-11-17 10:55:48 INFO     np1 sorted: None
2024-11-17 10:58:10 INFO     --------
2024-11-17 10:58:10 INFO     in sort
2024-11-17 10:58:10 INFO     np1: [5 2 7 4 8 3 5 6 8 7 2]
2024-11-17 10:58:10 INFO     arr.shape: (11,)
2024-11-17 10:58:10 INFO     sorted_1: [2 2 3 4 5 5 6 7 7 8 8]
2024-11-17 10:58:10 INFO     arr.shape: (11,)
2024-11-17 11:01:09 INFO     --------
2024-11-17 11:01:09 INFO     in sort
2024-11-17 11:01:09 INFO     np2: ['cesar' 'hadrian' 'crassus' 'brute']
2024-11-17 11:01:09 INFO     arr.shape: (4,)
2024-11-17 11:01:45 INFO     --------
2024-11-17 11:01:45 INFO     in sort
2024-11-17 11:01:45 INFO     np2: ['cesar' 'hadrian' 'crassus' 'brute']
2024-11-17 11:01:45 INFO     arr.shape: (4,)
2024-11-17 11:01:45 INFO     sorted_2: ['brute' 'cesar' 'crassus' 'hadrian']
2024-11-17 11:01:45 INFO     arr.shape: (4,)
