2024-11-17 18:03:09 INFO     --------
2024-11-17 18:03:09 INFO     --------
2024-11-17 18:03:09 INFO     in search
2024-11-17 18:03:09 INFO     in search
2024-11-17 18:03:37 INFO     --------
2024-11-17 18:03:37 INFO     in search
2024-11-17 18:05:37 INFO     --------
2024-11-17 18:05:37 INFO     in search
2024-11-17 18:14:50 INFO     --------
2024-11-17 18:14:50 INFO     in search
2024-11-17 18:15:09 INFO     --------
2024-11-17 18:15:09 INFO     in search
2024-11-17 18:15:09 INFO     x: (array([3]),)
2024-11-17 18:15:34 INFO     --------
2024-11-17 18:15:34 INFO     in search
2024-11-17 18:15:34 INFO     x: (array([3, 9]),)
2024-11-17 18:16:39 INFO     --------
2024-11-17 18:16:39 INFO     in search
2024-11-17 18:16:39 INFO     x: (array([ 1,  4, 10]),)
2024-11-17 18:19:23 INFO     --------
2024-11-17 18:19:23 INFO     in search
2024-11-17 18:19:23 INFO     x: [ 1  4 10]
2024-11-17 18:24:13 INFO     --------
2024-11-17 18:24:13 INFO     in search
2024-11-17 18:24:13 INFO     x: [ 1  4 10]
2024-11-17 18:24:13 INFO     y: [0 3 5 7 9]
