2024-11-16 12:35:01 INFO     --------
2024-11-16 12:35:01 INFO     Calling Regression Test
2024-11-16 12:35:38 INFO     --------
2024-11-16 12:35:38 INFO     Calling Regression Test
2024-11-16 12:35:38 INFO     in numpy_tut
2024-11-16 12:35:44 INFO     --------
2024-11-16 12:35:44 INFO     Calling Regression Test
2024-11-16 12:35:44 INFO     in numpy_tut
2024-11-16 12:37:09 INFO     --------
2024-11-16 12:37:09 INFO     Calling nump tutorial
2024-11-16 12:37:09 INFO     in numpy_tut
2024-11-16 12:37:14 INFO     --------
2024-11-16 12:37:14 INFO     Calling nump tutorial
2024-11-16 12:37:14 INFO     in numpy_tut
2024-11-16 12:39:39 INFO     --------
2024-11-16 12:39:39 INFO     Calling nump tutorials
2024-11-16 12:39:39 INFO     in numpy_tut
2024-11-16 12:41:03 INFO     --------
2024-11-16 12:41:03 INFO     Calling nump tutorials
2024-11-16 12:41:03 INFO     in numpy_tut
2024-11-16 12:41:03 INFO     in numpy_tut
2024-11-16 12:41:42 INFO     --------
2024-11-16 12:41:42 INFO     Calling nump tutorials
2024-11-16 12:41:42 INFO     in numpy_tut
2024-11-16 12:41:42 INFO     numpy_tut
2024-11-16 12:42:31 INFO     --------
2024-11-16 12:42:31 INFO     Calling nump tutorials
2024-11-16 12:42:31 INFO     numpy_tut
2024-11-16 12:43:47 INFO     --------
2024-11-16 12:43:47 INFO     Calling nump tutorials
2024-11-16 12:43:47 INFO     numpy_tut
2024-11-16 12:43:47 INFO     [1, 2, 3, 4, 5]
2024-11-16 12:44:48 INFO     --------
2024-11-16 12:44:48 INFO     Calling nump tutorials
2024-11-16 12:44:48 INFO     numpy_tut
2024-11-16 12:44:48 INFO     [1, 2, 3, 4, 5]
2024-11-16 12:45:19 INFO     --------
2024-11-16 12:45:19 INFO     Calling nump tutorials
2024-11-16 12:45:19 INFO     numpy_tut
2024-11-16 12:45:19 INFO     [1, 2, 3, 4, 5]
2024-11-16 12:45:19 INFO     [1, 2, 3, 4, 5]
2024-11-16 12:45:52 INFO     --------
2024-11-16 12:45:52 INFO     Calling nump tutorials
2024-11-16 12:45:52 INFO     numpy_tut
2024-11-16 12:45:52 INFO     [1, 2, 3, 4, 5]
2024-11-16 12:45:52 INFO     abcd
2024-11-16 12:53:24 INFO     --------
2024-11-16 12:53:24 INFO     Calling nump tutorials
2024-11-16 12:53:24 INFO     numpy_tut
2024-11-16 12:53:58 INFO     --------
2024-11-16 12:53:58 INFO     Calling nump tutorials
2024-11-16 12:53:58 INFO     in numpy_tut
2024-11-16 12:54:32 INFO     --------
2024-11-16 12:54:32 INFO     in numpy_tut
2024-11-16 12:54:56 INFO     --------
2024-11-16 12:54:56 INFO     in numpy_tut
2024-11-16 12:55:25 INFO     --------
2024-11-16 12:55:25 INFO     in numpy_tut
2024-11-16 12:55:35 INFO     --------
2024-11-16 12:55:35 INFO     in numpy_tut
2024-11-16 12:58:08 INFO     --------
2024-11-16 12:58:08 INFO     in numpy_tut
2024-11-16 12:58:08 INFO     [1 2 3 4 5]
2024-11-16 12:58:30 INFO     --------
2024-11-16 12:58:30 INFO     in numpy_tut
2024-11-16 12:58:30 INFO     np1: [1 2 3 4 5]
2024-11-16 12:59:10 INFO     --------
2024-11-16 12:59:10 INFO     in numpy_tut
2024-11-16 12:59:10 INFO     np1: [0 1 2 3 4 5 6 7 8 9]
2024-11-16 13:00:34 INFO     --------
2024-11-16 13:00:34 INFO     in numpy_tut
2024-11-16 13:00:34 INFO     np1: [0 1 2 3 4 5 6 7 8 9]
2024-11-16 13:00:34 INFO     np1: (10,)
2024-11-16 13:01:58 INFO     --------
2024-11-16 13:01:58 INFO     in numpy_tut
2024-11-16 13:01:58 INFO     np1: [0 1 2 3 4 5 6 7 8 9]
2024-11-16 13:01:58 INFO     np1: (10,)
2024-11-16 13:02:13 INFO     --------
2024-11-16 13:02:13 INFO     in numpy_tut
2024-11-16 13:02:13 INFO     np1: [0 1 2 3 4 5 6 7 8 9]
2024-11-16 13:02:13 INFO     np1: (10,)
2024-11-16 13:02:32 INFO     --------
2024-11-16 13:02:32 INFO     in numpy_tut
2024-11-16 13:02:32 INFO     np1: [0 1 2 3 4 5 6 7 8 9]
2024-11-16 13:02:32 INFO     np1: (10,)
2024-11-16 13:02:32 INFO     np2: [0 1 2 3 4 5 6 7 8 9]
2024-11-16 13:04:44 INFO     --------
2024-11-16 13:04:44 INFO     in numpy_tut
2024-11-16 13:04:44 INFO     np1: [0 1 2 3 4 5 6 7 8 9]
2024-11-16 13:04:44 INFO     np1: (10,)
2024-11-16 13:04:44 INFO     np2: [0 1 2 3 4 5 6 7 8 9]
2024-11-16 13:04:44 INFO     np3: [0 1 2 3 4 5 6 7 8 9]
2024-11-16 13:05:19 INFO     --------
2024-11-16 13:05:19 INFO     in numpy_tut
2024-11-16 13:05:19 INFO     np1: [0 1 2 3 4 5 6 7 8 9]
2024-11-16 13:05:19 INFO     np1: (10,)
2024-11-16 13:05:19 INFO     np2: [0 1 2 3 4 5 6 7 8 9]
2024-11-16 13:05:19 INFO     np3: [0 2 4 6 8]
2024-11-16 13:07:36 INFO     --------
2024-11-16 13:07:36 INFO     in numpy_tut
2024-11-16 13:07:36 INFO     np1: [0 1 2 3 4 5 6 7 8 9]
2024-11-16 13:07:36 INFO     np1: (10,)
2024-11-16 13:07:36 INFO     np2: [0 1 2 3 4 5 6 7 8 9]
2024-11-16 13:07:36 INFO     np3: [0 2 4 6 8]
2024-11-16 13:07:36 INFO     np4: [0. 0. 0. 0. 0. 0. 0. 0. 0. 0.]
2024-11-16 13:09:54 INFO     --------
2024-11-16 13:09:54 INFO     in numpy_tut
2024-11-16 13:09:54 INFO     np1: [0 1 2 3 4 5 6 7 8 9]
2024-11-16 13:09:54 INFO     np1: (10,)
2024-11-16 13:09:54 INFO     np2: [0 1 2 3 4 5 6 7 8 9]
2024-11-16 13:09:54 INFO     np3: [0 2 4 6 8]
2024-11-16 13:09:54 INFO     np4: [0. 0. 0. 0. 0. 0. 0. 0. 0. 0.]
2024-11-16 13:09:54 INFO     np5: [[0. 0. 0. 0. 0. 0. 0. 0. 0. 0.]
 [0. 0. 0. 0. 0. 0. 0. 0. 0. 0.]]
2024-11-16 13:10:29 INFO     --------
2024-11-16 13:10:29 INFO     in numpy_tut
2024-11-16 13:10:29 INFO     np1: [0 1 2 3 4 5 6 7 8 9]
2024-11-16 13:10:29 INFO     np1: (10,)
2024-11-16 13:10:29 INFO     np2: [0 1 2 3 4 5 6 7 8 9]
2024-11-16 13:10:29 INFO     np3: [0 2 4 6 8]
2024-11-16 13:10:29 INFO     np4: [0. 0. 0. 0. 0. 0. 0. 0. 0. 0.]
2024-11-16 13:10:29 INFO     np5: [[0. 0. 0. 0. 0. 0. 0. 0. 0. 0.]
 [0. 0. 0. 0. 0. 0. 0. 0. 0. 0.]]
2024-11-16 13:10:41 INFO     --------
2024-11-16 13:10:41 INFO     in numpy_tut
2024-11-16 13:10:41 INFO     np1: [0 1 2 3 4 5 6 7 8 9]
2024-11-16 13:10:41 INFO     np1: (10,)
2024-11-16 13:10:41 INFO     np2: [0 1 2 3 4 5 6 7 8 9]
2024-11-16 13:10:41 INFO     np3: [0 2 4 6 8]
2024-11-16 13:10:41 INFO     np4: [0. 0. 0. 0. 0. 0. 0. 0. 0. 0.]
2024-11-16 13:10:41 INFO     np5: [[0. 0. 0. 0. 0. 0. 0. 0. 0. 0.]
 [0. 0. 0. 0. 0. 0. 0. 0. 0. 0.]]
2024-11-16 13:13:48 INFO     --------
2024-11-16 13:13:48 INFO     in numpy_tut
2024-11-16 13:13:48 INFO     np1: [0 1 2 3 4 5 6 7 8 9]
2024-11-16 13:13:48 INFO     np1: (10,)
2024-11-16 13:13:48 INFO     np2: [0 1 2 3 4 5 6 7 8 9]
2024-11-16 13:13:48 INFO     np3: [0 2 4 6 8]
2024-11-16 13:13:48 INFO     np4: [0. 0. 0. 0. 0. 0. 0. 0. 0. 0.]
2024-11-16 13:13:48 INFO     np5: [[0. 0. 0. 0. 0. 0. 0. 0. 0. 0.]
 [0. 0. 0. 0. 0. 0. 0. 0. 0. 0.]]
2024-11-16 13:13:48 INFO     np6: [[0. 0. 0. 0. 0. 0. 0. 0. 0. 0.]
 [0. 0. 0. 0. 0. 0. 0. 0. 0. 0.]]
2024-11-16 13:14:06 INFO     --------
2024-11-16 13:14:06 INFO     in numpy_tut
2024-11-16 13:14:06 INFO     np1: [0 1 2 3 4 5 6 7 8 9]
2024-11-16 13:14:06 INFO     np1: (10,)
2024-11-16 13:14:06 INFO     np2: [0 1 2 3 4 5 6 7 8 9]
2024-11-16 13:14:06 INFO     np3: [0 2 4 6 8]
2024-11-16 13:14:06 INFO     np4: [0. 0. 0. 0. 0. 0. 0. 0. 0. 0.]
2024-11-16 13:14:06 INFO     np5: [[0. 0. 0. 0. 0. 0. 0. 0. 0. 0.]
 [0. 0. 0. 0. 0. 0. 0. 0. 0. 0.]]
2024-11-16 13:14:06 INFO     np6: [6 6 6 6 6 6 6 6 6 6]
2024-11-16 13:15:30 INFO     --------
2024-11-16 13:15:30 INFO     in numpy_tut
2024-11-16 13:15:30 INFO     np1: [0 1 2 3 4 5 6 7 8 9]
2024-11-16 13:15:30 INFO     np1: (10,)
2024-11-16 13:15:30 INFO     np2: [0 1 2 3 4 5 6 7 8 9]
2024-11-16 13:15:30 INFO     np3: [0 2 4 6 8]
2024-11-16 13:15:30 INFO     np4: [0. 0. 0. 0. 0. 0. 0. 0. 0. 0.]
2024-11-16 13:15:30 INFO     np5: [[0. 0. 0. 0. 0. 0. 0. 0. 0. 0.]
 [0. 0. 0. 0. 0. 0. 0. 0. 0. 0.]]
2024-11-16 13:15:30 INFO     np6: [6 6 6 6 6 6 6 6 6 6]
2024-11-16 13:15:30 INFO     np7: [5 5 5 5 5 5 5 5 5 5]
2024-11-16 13:15:56 INFO     --------
2024-11-16 13:15:56 INFO     in numpy_tut
2024-11-16 13:15:56 INFO     np1: [0 1 2 3 4 5 6 7 8 9]
2024-11-16 13:15:56 INFO     np1: (10,)
2024-11-16 13:15:56 INFO     np2: [0 1 2 3 4 5 6 7 8 9]
2024-11-16 13:15:56 INFO     np3: [0 2 4 6 8]
2024-11-16 13:15:56 INFO     np4: [0. 0. 0. 0. 0. 0. 0. 0. 0. 0.]
2024-11-16 13:15:56 INFO     np5: [[0. 0. 0. 0. 0. 0. 0. 0. 0. 0.]
 [0. 0. 0. 0. 0. 0. 0. 0. 0. 0.]]
2024-11-16 13:15:56 INFO     np6: [6 6 6 6 6 6 6 6 6 6]
2024-11-16 13:15:56 INFO     np7: [[5 5 5 5 5 5 5 5 5 5]
 [5 5 5 5 5 5 5 5 5 5]]
2024-11-16 13:18:34 INFO     --------
2024-11-16 13:18:34 INFO     in numpy_tut
2024-11-16 13:18:34 INFO     np1: [0 1 2 3 4 5 6 7 8 9]
2024-11-16 13:18:34 INFO     np1: (10,)
2024-11-16 13:18:34 INFO     np2: [0 1 2 3 4 5 6 7 8 9]
2024-11-16 13:18:34 INFO     np3: [0 2 4 6 8]
2024-11-16 13:18:34 INFO     np4: [0. 0. 0. 0. 0. 0. 0. 0. 0. 0.]
2024-11-16 13:18:34 INFO     np5: [[0. 0. 0. 0. 0. 0. 0. 0. 0. 0.]
 [0. 0. 0. 0. 0. 0. 0. 0. 0. 0.]]
2024-11-16 13:18:34 INFO     np6: [6 6 6 6 6 6 6 6 6 6]
2024-11-16 13:18:34 INFO     np7: [[5 5 5 5 5 5 5 5 5 5]
 [5 5 5 5 5 5 5 5 5 5]]
2024-11-16 13:19:33 INFO     --------
2024-11-16 13:19:33 INFO     in numpy_tut
2024-11-16 13:19:33 INFO     np1: [0 1 2 3 4 5 6 7 8 9]
2024-11-16 13:19:33 INFO     np1: (10,)
2024-11-16 13:19:33 INFO     np2: [0 1 2 3 4 5 6 7 8 9]
2024-11-16 13:19:33 INFO     np3: [0 2 4 6 8]
2024-11-16 13:19:33 INFO     np4: [0. 0. 0. 0. 0. 0. 0. 0. 0. 0.]
2024-11-16 13:19:33 INFO     np5: [[0. 0. 0. 0. 0. 0. 0. 0. 0. 0.]
 [0. 0. 0. 0. 0. 0. 0. 0. 0. 0.]]
2024-11-16 13:19:33 INFO     np6: [6 6 6 6 6 6 6 6 6 6]
2024-11-16 13:19:33 INFO     np7: [[5 5 5 5 5 5 5 5 5 5]
 [5 5 5 5 5 5 5 5 5 5]]
2024-11-16 13:20:06 INFO     --------
2024-11-16 13:20:06 INFO     in numpy_tut
2024-11-16 13:20:06 INFO     np1: [0 1 2 3 4 5 6 7 8 9]
2024-11-16 13:20:06 INFO     np1: (10,)
2024-11-16 13:20:06 INFO     np2: [0 1 2 3 4 5 6 7 8 9]
2024-11-16 13:20:06 INFO     np3: [0 2 4 6 8]
2024-11-16 13:20:06 INFO     np4: [0. 0. 0. 0. 0. 0. 0. 0. 0. 0.]
2024-11-16 13:20:06 INFO     np5: [[0. 0. 0. 0. 0. 0. 0. 0. 0. 0.]
 [0. 0. 0. 0. 0. 0. 0. 0. 0. 0.]]
2024-11-16 13:20:06 INFO     np6: [6 6 6 6 6 6 6 6 6 6]
2024-11-16 13:20:06 INFO     np7: [[5 5 5 5 5 5 5 5 5 5]
 [5 5 5 5 5 5 5 5 5 5]]
2024-11-16 13:20:06 INFO     np8: [1 2 3 4 5]
2024-11-16 13:21:08 INFO     --------
2024-11-16 13:21:08 INFO     in numpy_tut
2024-11-16 13:21:08 INFO     np1: [0 1 2 3 4 5 6 7 8 9]
2024-11-16 13:21:08 INFO     np1: (10,)
2024-11-16 13:21:08 INFO     np2: [0 1 2 3 4 5 6 7 8 9]
2024-11-16 13:21:08 INFO     np3: [0 2 4 6 8]
2024-11-16 13:21:08 INFO     np4: [0. 0. 0. 0. 0. 0. 0. 0. 0. 0.]
2024-11-16 13:21:08 INFO     np5: [[0. 0. 0. 0. 0. 0. 0. 0. 0. 0.]
 [0. 0. 0. 0. 0. 0. 0. 0. 0. 0.]]
2024-11-16 13:21:08 INFO     np6: [6 6 6 6 6 6 6 6 6 6]
2024-11-16 13:21:08 INFO     np7: [[5 5 5 5 5 5 5 5 5 5]
 [5 5 5 5 5 5 5 5 5 5]]
2024-11-16 13:21:08 INFO     np8: [1 2 3 4 5]
2024-11-16 13:21:08 INFO     np8: 1
2024-11-16 13:29:35 INFO     --------
2024-11-16 13:29:35 INFO     in intro
2024-11-16 13:29:35 INFO     np1: [0 1 2 3 4 5 6 7 8 9]
2024-11-16 13:29:35 INFO     np1: (10,)
2024-11-16 13:29:35 INFO     np2: [0 1 2 3 4 5 6 7 8 9]
2024-11-16 13:29:35 INFO     np3: [0 2 4 6 8]
2024-11-16 13:29:35 INFO     np4: [0. 0. 0. 0. 0. 0. 0. 0. 0. 0.]
2024-11-16 13:29:35 INFO     np5: [[0. 0. 0. 0. 0. 0. 0. 0. 0. 0.]
 [0. 0. 0. 0. 0. 0. 0. 0. 0. 0.]]
2024-11-16 13:29:35 INFO     np6: [6 6 6 6 6 6 6 6 6 6]
2024-11-16 13:29:35 INFO     np7: [[5 5 5 5 5 5 5 5 5 5]
 [5 5 5 5 5 5 5 5 5 5]]
2024-11-16 13:29:35 INFO     np8: [1 2 3 4 5]
2024-11-16 13:29:35 INFO     np8: 1
2024-11-16 13:29:45 INFO     --------
2024-11-16 13:29:45 INFO     in intro
2024-11-16 13:29:45 INFO     np1: [0 1 2 3 4 5 6 7 8 9]
2024-11-16 13:29:45 INFO     np1: (10,)
2024-11-16 13:29:45 INFO     np2: [0 1 2 3 4 5 6 7 8 9]
2024-11-16 13:29:45 INFO     np3: [0 2 4 6 8]
2024-11-16 13:29:45 INFO     np4: [0. 0. 0. 0. 0. 0. 0. 0. 0. 0.]
2024-11-16 13:29:45 INFO     np5: [[0. 0. 0. 0. 0. 0. 0. 0. 0. 0.]
 [0. 0. 0. 0. 0. 0. 0. 0. 0. 0.]]
2024-11-16 13:29:45 INFO     np6: [6 6 6 6 6 6 6 6 6 6]
2024-11-16 13:29:45 INFO     np7: [[5 5 5 5 5 5 5 5 5 5]
 [5 5 5 5 5 5 5 5 5 5]]
2024-11-16 13:29:45 INFO     np8: [1 2 3 4 5]
2024-11-16 13:29:45 INFO     np8: 1
2024-11-16 13:31:34 INFO     --------
2024-11-16 13:31:34 INFO     in slice
2024-11-16 13:37:39 INFO     --------
2024-11-16 13:37:39 INFO     in slice
2024-11-16 13:37:39 INFO     slice1: [2 3 4 5]
2024-11-16 13:41:40 INFO     --------
2024-11-16 13:41:40 INFO     in slice
2024-11-16 13:41:40 INFO     slice1: [2 3 4 5]
2024-11-16 13:41:40 INFO     slice2: [7 8 9]
2024-11-16 13:42:16 INFO     --------
2024-11-16 13:42:16 INFO     in slice
2024-11-16 13:42:16 INFO     slice1: [2 3 4 5]
2024-11-16 13:42:16 INFO     slice2: [4 5 6 7 8 9]
2024-11-16 13:52:58 INFO     --------
2024-11-16 13:52:58 INFO     in slice
2024-11-16 13:52:58 INFO     slice1: [2 3 4 5]
2024-11-16 13:52:58 INFO     slice2: [4 5 6 7 8 9]
2024-11-16 13:52:58 INFO     slice3: [7 8]
2024-11-16 13:52:58 INFO     slice4: [2 3 4 5]
2024-11-16 13:52:58 INFO     slice5: [2 3 4 5]
2024-11-16 13:53:15 INFO     --------
2024-11-16 13:53:15 INFO     in slice
2024-11-16 13:53:15 INFO     slice1: [2 3 4 5]
2024-11-16 13:53:15 INFO     slice2: [4 5 6 7 8 9]
2024-11-16 13:53:15 INFO     slice3: [7 8]
2024-11-16 13:53:15 INFO     slice4: [2 3 4 5]
2024-11-16 13:53:15 INFO     slice5: [2 4]
2024-11-16 14:00:46 INFO     --------
2024-11-16 14:00:46 INFO     in slice
2024-11-16 14:00:46 INFO     slice1: [2 3 4 5]
2024-11-16 14:00:46 INFO     slice2: [4 5 6 7 8 9]
2024-11-16 14:00:46 INFO     slice3: [7 8]
2024-11-16 14:00:46 INFO     slice4: [2 3 4 5]
2024-11-16 14:00:46 INFO     slice5: [2 4]
2024-11-16 14:00:46 INFO     steps1: [1 3 5 7 9]
2024-11-16 14:01:28 INFO     --------
2024-11-16 14:01:28 INFO     in slice
2024-11-16 14:01:28 INFO     slice1: [2 3 4 5]
2024-11-16 14:01:28 INFO     slice2: [4 5 6 7 8 9]
2024-11-16 14:01:28 INFO     slice3: [7 8]
2024-11-16 14:01:28 INFO     slice4: [2 3 4 5]
2024-11-16 14:01:28 INFO     slice5: [2 4]
2024-11-16 14:01:28 INFO     steps1: [1 4 7]
2024-11-16 14:12:07 INFO     --------
2024-11-16 14:12:07 INFO     in numpy_tut
2024-11-16 14:12:07 INFO     np1: [0 1 2 3 4 5 6 7 8 9]
2024-11-16 14:12:07 INFO     np1: (10,)
2024-11-16 14:12:07 INFO     np2: [0 1 2 3 4 5 6 7 8 9]
2024-11-16 14:12:07 INFO     np3: [0 2 4 6 8]
2024-11-16 14:12:07 INFO     np4: [0. 0. 0. 0. 0. 0. 0. 0. 0. 0.]
2024-11-16 14:12:07 INFO     np5: [[0. 0. 0. 0. 0. 0. 0. 0. 0. 0.]
 [0. 0. 0. 0. 0. 0. 0. 0. 0. 0.]]
2024-11-16 14:12:07 INFO     np6: [6 6 6 6 6 6 6 6 6 6]
2024-11-16 14:12:07 INFO     np7: [[5 5 5 5 5 5 5 5 5 5]
 [5 5 5 5 5 5 5 5 5 5]]
2024-11-16 14:12:07 INFO     np8: [1 2 3 4 5]
2024-11-16 14:12:07 INFO     np8: 1
2024-11-16 14:16:05 INFO     --------
2024-11-16 14:16:05 INFO     in slice
2024-11-16 14:16:05 INFO     slice1: [2 3 4 5]
2024-11-16 14:16:05 INFO     slice2: [4 5 6 7 8 9]
2024-11-16 14:16:05 INFO     slice3: [7 8]
2024-11-16 14:16:05 INFO     slice4: [2 3 4 5]
2024-11-16 14:16:05 INFO     slice5: [2 4]
2024-11-16 14:16:05 INFO     steps1: [1 4 7]
2024-11-16 14:16:05 INFO     slice6: [[ 1  2  3  4  5]
 [ 6  7  8  9 10]]
